Using pre-set license
Built from '2020.3/staging' branch; Version is '2020.3.23f1 (c5d91304a876) revision 12966163'; Using compiler version '192528614'; Build Type 'Release'
OS: 'Windows 10 Pro; OS build 19042.1348; Version 2009; 64bit' Language: 'en' Physical Memory: 16251 MB
BatchMode: 1, IsHumanControllingUs: 0, StartBugReporterOnCrash: 0, Is64bit: 1, IsPro: 0

COMMAND LINE ARGUMENTS:
C:\Program Files\Unity\Hub\Editor\2020.3.23f1\Editor\Unity.exe
-adb2
-batchMode
-noUpm
-name
AssetImportWorker0
-projectPath
C:/Users/Yazilim-2/Documents/GitHub/unity-pool-game/PoolGame
-logFile
Logs/AssetImportWorker0.log
-srvPort
62909
Successfully changed project path to: C:/Users/Yazilim-2/Documents/GitHub/unity-pool-game/PoolGame
C:/Users/Yazilim-2/Documents/GitHub/unity-pool-game/PoolGame
Using Asset Import Pipeline V2.
Refreshing native plugins compatible for Editor in 60.93 ms, found 2 plugins.
Preloading 0 native plugins for Editor in 0.00 ms.
Initialize engine version: 2020.3.23f1 (c5d91304a876)
[Subsystems] Discovering subsystems at path C:/Program Files/Unity/Hub/Editor/2020.3.23f1/Editor/Data/Resources/UnitySubsystems
[Subsystems] Discovering subsystems at path C:/Users/Yazilim-2/Documents/GitHub/unity-pool-game/PoolGame/Assets
GfxDevice: creating device client; threaded=0
Direct3D:
    Version:  Direct3D 11.0 [level 11.1]
    Renderer: NVIDIA GeForce GTX 1650 Ti (ID=0x1f95)
    Vendor:   
    VRAM:     3962 MB
    Driver:   27.21.14.6230
Initialize mono
Mono path[0] = 'C:/Program Files/Unity/Hub/Editor/2020.3.23f1/Editor/Data/Managed'
Mono path[1] = 'C:/Program Files/Unity/Hub/Editor/2020.3.23f1/Editor/Data/MonoBleedingEdge/lib/mono/unityjit'
Mono config path = 'C:/Program Files/Unity/Hub/Editor/2020.3.23f1/Editor/Data/MonoBleedingEdge/etc'
Using monoOptions --debugger-agent=transport=dt_socket,embedding=1,server=y,suspend=n,address=127.0.0.1:56704
Begin MonoManager ReloadAssembly
Registering precompiled unity dll's ...
Register platform support module: C:/Program Files/Unity/Hub/Editor/2020.3.23f1/Editor/Data/PlaybackEngines/WindowsStandaloneSupport/UnityEditor.WindowsStandalone.Extensions.dll
Registered in 0.002882 seconds.
Native extension for WindowsStandalone target not found
Refreshing native plugins compatible for Editor in 52.34 ms, found 2 plugins.
Preloading 0 native plugins for Editor in 0.00 ms.
Mono: successfully reloaded assembly
- Completed reload, in  1.019 seconds
Domain Reload Profiling:
	ReloadAssembly (1020ms)
		BeginReloadAssembly (99ms)
			ExecutionOrderSort (0ms)
			DisableScriptedObjects (0ms)
			BackupInstance (0ms)
			ReleaseScriptingObjects (0ms)
			CreateAndSetChildDomain (2ms)
		EndReloadAssembly (773ms)
			LoadAssemblies (95ms)
			RebuildTransferFunctionScriptingTraits (0ms)
			SetupTypeCache (270ms)
			ReleaseScriptCaches (0ms)
			RebuildScriptCaches (48ms)
			SetupLoadedEditorAssemblies (281ms)
				LogAssemblyErrors (0ms)
				InitializePlatformSupportModulesInManaged (9ms)
				SetLoadedEditorAssemblies (0ms)
				RefreshPlugins (52ms)
				BeforeProcessingInitializeOnLoad (14ms)
				ProcessInitializeOnLoadAttributes (156ms)
				ProcessInitializeOnLoadMethodAttributes (49ms)
				AfterProcessingInitializeOnLoad (0ms)
				EditorAssembliesLoaded (0ms)
			ExecutionOrderSort2 (0ms)
			AwakeInstancesAfterBackupRestoration (0ms)
Platform modules already initialized, skipping
Registering precompiled user dll's ...
Registered in 0.007443 seconds.
Begin MonoManager ReloadAssembly
Native extension for WindowsStandalone target not found
Refreshing native plugins compatible for Editor in 0.45 ms, found 2 plugins.
Preloading 0 native plugins for Editor in 0.00 ms.
Mono: successfully reloaded assembly
- Completed reload, in  1.713 seconds
Domain Reload Profiling:
	ReloadAssembly (1714ms)
		BeginReloadAssembly (267ms)
			ExecutionOrderSort (0ms)
			DisableScriptedObjects (11ms)
			BackupInstance (0ms)
			ReleaseScriptingObjects (0ms)
			CreateAndSetChildDomain (33ms)
		EndReloadAssembly (1342ms)
			LoadAssemblies (137ms)
			RebuildTransferFunctionScriptingTraits (0ms)
			SetupTypeCache (484ms)
			ReleaseScriptCaches (0ms)
			RebuildScriptCaches (73ms)
			SetupLoadedEditorAssemblies (503ms)
				LogAssemblyErrors (0ms)
				InitializePlatformSupportModulesInManaged (10ms)
				SetLoadedEditorAssemblies (1ms)
				RefreshPlugins (1ms)
				BeforeProcessingInitializeOnLoad (102ms)
				ProcessInitializeOnLoadAttributes (362ms)
				ProcessInitializeOnLoadMethodAttributes (16ms)
				AfterProcessingInitializeOnLoad (11ms)
				EditorAssembliesLoaded (0ms)
			ExecutionOrderSort2 (0ms)
			AwakeInstancesAfterBackupRestoration (10ms)
Platform modules already initialized, skipping
========================================================================
Worker process is ready to serve import requests
Launched and connected shader compiler UnityShaderCompiler.exe after 0.11 seconds
Refreshing native plugins compatible for Editor in 0.76 ms, found 2 plugins.
Preloading 0 native plugins for Editor in 0.00 ms.
Unloading 1498 Unused Serialized files (Serialized files now loaded: 0)
System memory in use before: 67.3 MB.
System memory in use after: 67.4 MB.

Unloading 19 unused Assets to reduce memory usage. Loaded Objects now: 1930.
Total: 3.822200 ms (FindLiveObjects: 0.205600 ms CreateObjectMapping: 0.077000 ms MarkObjects: 3.455300 ms  DeleteObjects: 0.083000 ms)

AssetImportParameters requested are different than current active one (requested -> active):
  custom:framework-win-MediaFoundation: 216162199b28c13a410421893ffa2e32 -> 
  custom:video-decoder-ogg-theora: a1e56fd34408186e4bbccfd4996cb3dc -> 
  custom:container-muxer-webm: aa71ff27fc2769a1b78a27578f13a17b -> 
  custom:container-demuxer-webm: 4f35f7cbe854078d1ac9338744f61a02 -> 
  custom:container-demuxer-ogg: 62fdf1f143b41e24485cea50d1cbac27 -> 
  custom:video-encoder-webm-vp8: eb34c28f22e8b96e1ab97ce403110664 -> 
  custom:video-decoder-webm-vp8: 9c59270c3fd7afecdb556c50c9e8de78 -> 
  custom:audio-decoder-ogg-vorbis: bf7c407c2cedff20999df2af8eb42d56 -> 
  custom:audio-encoder-webm-vorbis: bf7c407c2cedff20999df2af8eb42d56 -> 
========================================================================
Received Import Request.
  path: Assets
  artifactKey: Guid(00000000000000001000000000000000) Importer(815301076,1909f56bfc062723c751e8b465ee728b)
Start importing Assets using Guid(00000000000000001000000000000000) Importer(815301076,1909f56bfc062723c751e8b465ee728b)  -> (artifact id: '42d402b061de3733987d63b9cc3b64de') in 0.012928 seconds 
  Import took 0.016496 seconds .

========================================================================
Received Import Request.
  Time since last request: 11.006164 seconds.
  path: Assets/New Folder
  artifactKey: Guid(cab3a34e399e9c646aba04355fe1b7f9) Importer(815301076,1909f56bfc062723c751e8b465ee728b)
Start importing Assets/New Folder using Guid(cab3a34e399e9c646aba04355fe1b7f9) Importer(815301076,1909f56bfc062723c751e8b465ee728b)  -> (artifact id: 'a412aa5033b9a0be1551fde49723d161') in 0.013364 seconds 
  Import took 0.018773 seconds .

========================================================================
Received Import Request.
  Time since last request: 13.107824 seconds.
  path: Assets/deneme.cs
  artifactKey: Guid(50c41028c7c22944cadeee36739ddfae) Importer(815301076,1909f56bfc062723c751e8b465ee728b)
Start importing Assets/deneme.cs using Guid(50c41028c7c22944cadeee36739ddfae) Importer(815301076,1909f56bfc062723c751e8b465ee728b)  -> (artifact id: '191c09aa31b253dcceb9e89b90faafa4') in 0.071747 seconds 
  Import took 0.075630 seconds .

========================================================================
Received Prepare
Registering precompiled user dll's ...
Registered in 0.005586 seconds.
Begin MonoManager ReloadAssembly
Native extension for WindowsStandalone target not found
Refreshing native plugins compatible for Editor in 0.48 ms, found 2 plugins.
Preloading 0 native plugins for Editor in 0.00 ms.
Mono: successfully reloaded assembly
- Completed reload, in  1.643 seconds
Domain Reload Profiling:
	ReloadAssembly (1644ms)
		BeginReloadAssembly (167ms)
			ExecutionOrderSort (0ms)
			DisableScriptedObjects (8ms)
			BackupInstance (0ms)
			ReleaseScriptingObjects (0ms)
			CreateAndSetChildDomain (44ms)
		EndReloadAssembly (1369ms)
			LoadAssemblies (140ms)
			RebuildTransferFunctionScriptingTraits (0ms)
			SetupTypeCache (555ms)
			ReleaseScriptCaches (1ms)
			RebuildScriptCaches (60ms)
			SetupLoadedEditorAssemblies (439ms)
				LogAssemblyErrors (0ms)
				InitializePlatformSupportModulesInManaged (7ms)
				SetLoadedEditorAssemblies (1ms)
				RefreshPlugins (1ms)
				BeforeProcessingInitializeOnLoad (81ms)
				ProcessInitializeOnLoadAttributes (322ms)
				ProcessInitializeOnLoadMethodAttributes (15ms)
				AfterProcessingInitializeOnLoad (12ms)
				EditorAssembliesLoaded (0ms)
			ExecutionOrderSort2 (0ms)
			AwakeInstancesAfterBackupRestoration (13ms)
Platform modules already initialized, skipping
Refreshing native plugins compatible for Editor in 0.44 ms, found 2 plugins.
Preloading 0 native plugins for Editor in 0.00 ms.
Unloading 1493 Unused Serialized files (Serialized files now loaded: 0)
System memory in use before: 67.3 MB.
System memory in use after: 67.4 MB.

Unloading 14 unused Assets to reduce memory usage. Loaded Objects now: 1933.
Total: 3.655800 ms (FindLiveObjects: 0.203700 ms CreateObjectMapping: 0.087700 ms MarkObjects: 3.340600 ms  DeleteObjects: 0.022300 ms)

AssetImportParameters requested are different than current active one (requested -> active):
  custom:framework-win-MediaFoundation: 216162199b28c13a410421893ffa2e32 -> 
  custom:video-decoder-ogg-theora: a1e56fd34408186e4bbccfd4996cb3dc -> 
  custom:container-muxer-webm: aa71ff27fc2769a1b78a27578f13a17b -> 
  custom:container-demuxer-webm: 4f35f7cbe854078d1ac9338744f61a02 -> 
  custom:container-demuxer-ogg: 62fdf1f143b41e24485cea50d1cbac27 -> 
  custom:video-encoder-webm-vp8: eb34c28f22e8b96e1ab97ce403110664 -> 
  custom:video-decoder-webm-vp8: 9c59270c3fd7afecdb556c50c9e8de78 -> 
  custom:audio-decoder-ogg-vorbis: bf7c407c2cedff20999df2af8eb42d56 -> 
  custom:audio-encoder-webm-vorbis: bf7c407c2cedff20999df2af8eb42d56 -> 
========================================================================
Received Import Request.
  Time since last request: 67.663949 seconds.
  path: Assets/PoolTable.dae
  artifactKey: Guid(4a622acd7fba9004eaac90ba9db0dca5) Importer(815301076,1909f56bfc062723c751e8b465ee728b)
Start importing Assets/PoolTable.dae using Guid(4a622acd7fba9004eaac90ba9db0dca5) Importer(815301076,1909f56bfc062723c751e8b465ee728b)  -> (artifact id: 'e6196f87b81125082c05e9c2c8e0e75c') in 1.589544 seconds 
  Import took 1.595790 seconds .

========================================================================
Received Prepare
Registering precompiled user dll's ...
Registered in 0.007081 seconds.
Begin MonoManager ReloadAssembly
Native extension for WindowsStandalone target not found
Refreshing native plugins compatible for Editor in 0.44 ms, found 2 plugins.
Preloading 0 native plugins for Editor in 0.00 ms.
Mono: successfully reloaded assembly
- Completed reload, in  1.447 seconds
Domain Reload Profiling:
	ReloadAssembly (1448ms)
		BeginReloadAssembly (151ms)
			ExecutionOrderSort (0ms)
			DisableScriptedObjects (7ms)
			BackupInstance (0ms)
			ReleaseScriptingObjects (0ms)
			CreateAndSetChildDomain (45ms)
		EndReloadAssembly (1199ms)
			LoadAssemblies (130ms)
			RebuildTransferFunctionScriptingTraits (0ms)
			SetupTypeCache (436ms)
			ReleaseScriptCaches (1ms)
			RebuildScriptCaches (61ms)
			SetupLoadedEditorAssemblies (414ms)
				LogAssemblyErrors (0ms)
				InitializePlatformSupportModulesInManaged (7ms)
				SetLoadedEditorAssemblies (1ms)
				RefreshPlugins (1ms)
				BeforeProcessingInitializeOnLoad (78ms)
				ProcessInitializeOnLoadAttributes (305ms)
				ProcessInitializeOnLoadMethodAttributes (14ms)
				AfterProcessingInitializeOnLoad (10ms)
				EditorAssembliesLoaded (0ms)
			ExecutionOrderSort2 (0ms)
			AwakeInstancesAfterBackupRestoration (11ms)
Platform modules already initialized, skipping
Refreshing native plugins compatible for Editor in 0.56 ms, found 2 plugins.
Preloading 0 native plugins for Editor in 0.00 ms.
Unloading 1493 Unused Serialized files (Serialized files now loaded: 0)
System memory in use before: 70.9 MB.
System memory in use after: 71.0 MB.

Unloading 14 unused Assets to reduce memory usage. Loaded Objects now: 1978.
Total: 3.718300 ms (FindLiveObjects: 0.209800 ms CreateObjectMapping: 0.073000 ms MarkObjects: 3.410600 ms  DeleteObjects: 0.023500 ms)

AssetImportParameters requested are different than current active one (requested -> active):
  custom:framework-win-MediaFoundation: 216162199b28c13a410421893ffa2e32 -> 
  custom:video-decoder-ogg-theora: a1e56fd34408186e4bbccfd4996cb3dc -> 
  custom:container-muxer-webm: aa71ff27fc2769a1b78a27578f13a17b -> 
  custom:container-demuxer-webm: 4f35f7cbe854078d1ac9338744f61a02 -> 
  custom:container-demuxer-ogg: 62fdf1f143b41e24485cea50d1cbac27 -> 
  custom:video-encoder-webm-vp8: eb34c28f22e8b96e1ab97ce403110664 -> 
  custom:video-decoder-webm-vp8: 9c59270c3fd7afecdb556c50c9e8de78 -> 
  custom:audio-decoder-ogg-vorbis: bf7c407c2cedff20999df2af8eb42d56 -> 
  custom:audio-encoder-webm-vorbis: bf7c407c2cedff20999df2af8eb42d56 -> 
========================================================================
Received Prepare
Registering precompiled user dll's ...
Registered in 0.005657 seconds.
Begin MonoManager ReloadAssembly
Native extension for WindowsStandalone target not found
Refreshing native plugins compatible for Editor in 0.44 ms, found 2 plugins.
Preloading 0 native plugins for Editor in 0.00 ms.
Mono: successfully reloaded assembly
- Completed reload, in  1.443 seconds
Domain Reload Profiling:
	ReloadAssembly (1444ms)
		BeginReloadAssembly (150ms)
			ExecutionOrderSort (0ms)
			DisableScriptedObjects (7ms)
			BackupInstance (0ms)
			ReleaseScriptingObjects (0ms)
			CreateAndSetChildDomain (43ms)
		EndReloadAssembly (1195ms)
			LoadAssemblies (123ms)
			RebuildTransferFunctionScriptingTraits (0ms)
			SetupTypeCache (430ms)
			ReleaseScriptCaches (1ms)
			RebuildScriptCaches (74ms)
			SetupLoadedEditorAssemblies (413ms)
				LogAssemblyErrors (0ms)
				InitializePlatformSupportModulesInManaged (7ms)
				SetLoadedEditorAssemblies (1ms)
				RefreshPlugins (1ms)
				BeforeProcessingInitializeOnLoad (75ms)
				ProcessInitializeOnLoadAttributes (306ms)
				ProcessInitializeOnLoadMethodAttributes (14ms)
				AfterProcessingInitializeOnLoad (10ms)
				EditorAssembliesLoaded (0ms)
			ExecutionOrderSort2 (0ms)
			AwakeInstancesAfterBackupRestoration (10ms)
Platform modules already initialized, skipping
Refreshing native plugins compatible for Editor in 0.44 ms, found 2 plugins.
Preloading 0 native plugins for Editor in 0.00 ms.
Unloading 1493 Unused Serialized files (Serialized files now loaded: 0)
System memory in use before: 70.9 MB.
System memory in use after: 71.1 MB.

Unloading 14 unused Assets to reduce memory usage. Loaded Objects now: 1980.
Total: 3.610400 ms (FindLiveObjects: 0.193000 ms CreateObjectMapping: 0.073600 ms MarkObjects: 3.322100 ms  DeleteObjects: 0.020600 ms)

AssetImportParameters requested are different than current active one (requested -> active):
  custom:framework-win-MediaFoundation: 216162199b28c13a410421893ffa2e32 -> 
  custom:video-decoder-ogg-theora: a1e56fd34408186e4bbccfd4996cb3dc -> 
  custom:container-muxer-webm: aa71ff27fc2769a1b78a27578f13a17b -> 
  custom:container-demuxer-webm: 4f35f7cbe854078d1ac9338744f61a02 -> 
  custom:container-demuxer-ogg: 62fdf1f143b41e24485cea50d1cbac27 -> 
  custom:video-encoder-webm-vp8: eb34c28f22e8b96e1ab97ce403110664 -> 
  custom:video-decoder-webm-vp8: 9c59270c3fd7afecdb556c50c9e8de78 -> 
  custom:audio-decoder-ogg-vorbis: bf7c407c2cedff20999df2af8eb42d56 -> 
  custom:audio-encoder-webm-vorbis: bf7c407c2cedff20999df2af8eb42d56 -> 
========================================================================
Received Import Request.
  Time since last request: 574.600827 seconds.
  path: Assets/PoolTable.dae
  artifactKey: Guid(4a622acd7fba9004eaac90ba9db0dca5) Importer(815301076,1909f56bfc062723c751e8b465ee728b)
Start importing Assets/PoolTable.dae using Guid(4a622acd7fba9004eaac90ba9db0dca5) Importer(815301076,1909f56bfc062723c751e8b465ee728b)  -> (artifact id: 'c0e49c5a2f661f3d1f2161ae80acade2') in 1.249112 seconds 
  Import took 1.259685 seconds .

========================================================================
Received Import Request.
  Time since last request: 283.635359 seconds.
  path: Assets/models
  artifactKey: Guid(cab3a34e399e9c646aba04355fe1b7f9) Importer(815301076,1909f56bfc062723c751e8b465ee728b)
Start importing Assets/models using Guid(cab3a34e399e9c646aba04355fe1b7f9) Importer(815301076,1909f56bfc062723c751e8b465ee728b)  -> (artifact id: 'cb589f69fa15d6e70ba62e15493a1778') in 0.009081 seconds 
  Import took 0.013430 seconds .

========================================================================
Received Import Request.
  Time since last request: 6.449079 seconds.
  path: Assets/assets
  artifactKey: Guid(2ba5726bddaf48646aa85b20d0130cb1) Importer(815301076,1909f56bfc062723c751e8b465ee728b)
Start importing Assets/assets using Guid(2ba5726bddaf48646aa85b20d0130cb1) Importer(815301076,1909f56bfc062723c751e8b465ee728b)  -> (artifact id: '76e603b88db616def236f533e5ae15fc') in 0.008784 seconds 
  Import took 0.012503 seconds .

========================================================================
Received Import Request.
  Time since last request: 5.238438 seconds.
  path: Assets/assets/ball
  artifactKey: Guid(3b695797187d6944a97fd3f57c8b09eb) Importer(815301076,1909f56bfc062723c751e8b465ee728b)
Start importing Assets/assets/ball using Guid(3b695797187d6944a97fd3f57c8b09eb) Importer(815301076,1909f56bfc062723c751e8b465ee728b)  -> (artifact id: 'a878bc30eb1d7afaf61afed5e21191aa') in 0.008823 seconds 
  Import took 0.012467 seconds .

========================================================================
Received Import Request.
  Time since last request: 5.180143 seconds.
  path: Assets/assets/balls
  artifactKey: Guid(3b695797187d6944a97fd3f57c8b09eb) Importer(815301076,1909f56bfc062723c751e8b465ee728b)
Start importing Assets/assets/balls using Guid(3b695797187d6944a97fd3f57c8b09eb) Importer(815301076,1909f56bfc062723c751e8b465ee728b)  -> (artifact id: '4a616cc21b3bbe16670e3fab07bb8539') in 0.008755 seconds 
  Import took 0.012023 seconds .

========================================================================
Received Import Request.
  Time since last request: 19.928866 seconds.
  path: Assets/assets/balls/Ball 15.jpg
  artifactKey: Guid(856539dfa380b1f47a3449c053e66c03) Importer(815301076,1909f56bfc062723c751e8b465ee728b)
Start importing Assets/assets/balls/Ball 15.jpg using Guid(856539dfa380b1f47a3449c053e66c03) Importer(815301076,1909f56bfc062723c751e8b465ee728b)  -> (artifact id: 'f125767b28a13b8e846815a9789587d0') in 0.073574 seconds 
  Import took 0.077232 seconds .

========================================================================
Received Import Request.
  Time since last request: 0.000236 seconds.
  path: Assets/assets/balls/Ball9.jpg
  artifactKey: Guid(a8d58c41078a7ed43bbcd6ba55f6655a) Importer(815301076,1909f56bfc062723c751e8b465ee728b)
Start importing Assets/assets/balls/Ball9.jpg using Guid(a8d58c41078a7ed43bbcd6ba55f6655a) Importer(815301076,1909f56bfc062723c751e8b465ee728b)  -> (artifact id: '6533dc23ae666fe828c02f9037eacc9a') in 0.020109 seconds 
  Import took 0.023917 seconds .

========================================================================
Received Import Request.
  Time since last request: 0.000256 seconds.
  path: Assets/assets/balls/Ball10.jpg
  artifactKey: Guid(2bda13f27fde4dc4881ef929ed982a1c) Importer(815301076,1909f56bfc062723c751e8b465ee728b)
Start importing Assets/assets/balls/Ball10.jpg using Guid(2bda13f27fde4dc4881ef929ed982a1c) Importer(815301076,1909f56bfc062723c751e8b465ee728b)  -> (artifact id: '0e47acaf0634b82a4ef02645d493f74f') in 0.017096 seconds 
  Import took 0.020817 seconds .

========================================================================
Received Import Request.
  Time since last request: 0.000212 seconds.
  path: Assets/assets/balls/Ball14.jpg
  artifactKey: Guid(79198089d6d88a34798dc98f79a55e9c) Importer(815301076,1909f56bfc062723c751e8b465ee728b)
Start importing Assets/assets/balls/Ball14.jpg using Guid(79198089d6d88a34798dc98f79a55e9c) Importer(815301076,1909f56bfc062723c751e8b465ee728b)  -> (artifact id: '6e077decf2fe4ddcfb90706cca780e26') in 0.015066 seconds 
  Import took 0.018459 seconds .

========================================================================
Received Import Request.
  Time since last request: 0.000246 seconds.
  path: Assets/assets/balls/Ball1.jpg
  artifactKey: Guid(65c2464f39edf5c4e831a96ab940cb05) Importer(815301076,1909f56bfc062723c751e8b465ee728b)
Start importing Assets/assets/balls/Ball1.jpg using Guid(65c2464f39edf5c4e831a96ab940cb05) Importer(815301076,1909f56bfc062723c751e8b465ee728b)  -> (artifact id: '92065bddc547eb520215d859c889a45e') in 0.015750 seconds 
  Import took 0.019100 seconds .

========================================================================
Received Import Request.
  Time since last request: 0.000294 seconds.
  path: Assets/assets/balls/Ball11.jpg
  artifactKey: Guid(b1079c9c43f459c459202e629c2f7970) Importer(815301076,1909f56bfc062723c751e8b465ee728b)
Start importing Assets/assets/balls/Ball11.jpg using Guid(b1079c9c43f459c459202e629c2f7970) Importer(815301076,1909f56bfc062723c751e8b465ee728b)  -> (artifact id: '8ad6544cff18c1e4cf53b805cc12adaf') in 0.016342 seconds 
  Import took 0.019614 seconds .

========================================================================
Received Import Request.
  Time since last request: 0.000220 seconds.
  path: Assets/assets/balls/Ball7.jpg
  artifactKey: Guid(96f491cd857ea5247b2b182c7a9199b2) Importer(815301076,1909f56bfc062723c751e8b465ee728b)
Start importing Assets/assets/balls/Ball7.jpg using Guid(96f491cd857ea5247b2b182c7a9199b2) Importer(815301076,1909f56bfc062723c751e8b465ee728b)  -> (artifact id: '8813f896d5ae037010ff1b5a5eb0a5c5') in 0.014988 seconds 
  Import took 0.018585 seconds .

========================================================================
Received Import Request.
  Time since last request: 0.000216 seconds.
  path: Assets/assets/balls/Ball6.jpg
  artifactKey: Guid(fc4fc74e17016b440858b22f8d8ddbd7) Importer(815301076,1909f56bfc062723c751e8b465ee728b)
Start importing Assets/assets/balls/Ball6.jpg using Guid(fc4fc74e17016b440858b22f8d8ddbd7) Importer(815301076,1909f56bfc062723c751e8b465ee728b)  -> (artifact id: '2b53ab4b91dadcd2f675d62213176dfa') in 0.017050 seconds 
  Import took 0.020612 seconds .

========================================================================
Received Import Request.
  Time since last request: 0.000252 seconds.
  path: Assets/assets/balls/Ball5.jpg
  artifactKey: Guid(909bcda22589ddc4b8f3b4363c49dc63) Importer(815301076,1909f56bfc062723c751e8b465ee728b)
Start importing Assets/assets/balls/Ball5.jpg using Guid(909bcda22589ddc4b8f3b4363c49dc63) Importer(815301076,1909f56bfc062723c751e8b465ee728b)  -> (artifact id: '83b531b9efff10ce802c5ad0a53c1367') in 0.015636 seconds 
  Import took 0.019270 seconds .

========================================================================
Received Import Request.
  Time since last request: 0.000214 seconds.
  path: Assets/assets/balls/Ball3.jpg
  artifactKey: Guid(dd834fbd745e35c458167173b29edeae) Importer(815301076,1909f56bfc062723c751e8b465ee728b)
Start importing Assets/assets/balls/Ball3.jpg using Guid(dd834fbd745e35c458167173b29edeae) Importer(815301076,1909f56bfc062723c751e8b465ee728b)  -> (artifact id: '359dd5759d2890e8813adb5d6da8e2d9') in 0.014291 seconds 
  Import took 0.017722 seconds .

========================================================================
Received Import Request.
  Time since last request: 0.000287 seconds.
  path: Assets/assets/balls/Ball8.jpg
  artifactKey: Guid(7690e89bcf30ac441ae3322a6a78e098) Importer(815301076,1909f56bfc062723c751e8b465ee728b)
Start importing Assets/assets/balls/Ball8.jpg using Guid(7690e89bcf30ac441ae3322a6a78e098) Importer(815301076,1909f56bfc062723c751e8b465ee728b)  -> (artifact id: '7a0f58b10bb63ebc439a1633655344ca') in 0.014880 seconds 
  Import took 0.018794 seconds .

========================================================================
Received Import Request.
  Time since last request: 0.000232 seconds.
  path: Assets/assets/balls/Ball12.jpg
  artifactKey: Guid(444a3f880230381458c015316e43e21f) Importer(815301076,1909f56bfc062723c751e8b465ee728b)
Start importing Assets/assets/balls/Ball12.jpg using Guid(444a3f880230381458c015316e43e21f) Importer(815301076,1909f56bfc062723c751e8b465ee728b)  -> (artifact id: 'd1a97dfbfd8d11e72a2be912e2a945f5') in 0.014632 seconds 
  Import took 0.018225 seconds .

========================================================================
Received Import Request.
  Time since last request: 0.000234 seconds.
  path: Assets/assets/balls/BallCue.jpg
  artifactKey: Guid(60f0a81c0ab546b41955b05780d2b055) Importer(815301076,1909f56bfc062723c751e8b465ee728b)
Start importing Assets/assets/balls/BallCue.jpg using Guid(60f0a81c0ab546b41955b05780d2b055) Importer(815301076,1909f56bfc062723c751e8b465ee728b)  -> (artifact id: '05ea461eed4e2f8fb21ac67d42b23028') in 0.014528 seconds 
  Import took 0.018136 seconds .

========================================================================
Received Import Request.
  Time since last request: 0.000247 seconds.
  path: Assets/assets/balls/Ball4.jpg
  artifactKey: Guid(9150c7473f77d414bb77ce37f01e5679) Importer(815301076,1909f56bfc062723c751e8b465ee728b)
Start importing Assets/assets/balls/Ball4.jpg using Guid(9150c7473f77d414bb77ce37f01e5679) Importer(815301076,1909f56bfc062723c751e8b465ee728b)  -> (artifact id: '4db114f9d2d689bc1dab5cd6d0bab957') in 0.014778 seconds 
  Import took 0.018169 seconds .

========================================================================
Received Import Request.
  Time since last request: 0.000243 seconds.
  path: Assets/assets/balls/Ball2.jpg
  artifactKey: Guid(8f4fd663b134aaa488493efa3388e55d) Importer(815301076,1909f56bfc062723c751e8b465ee728b)
Start importing Assets/assets/balls/Ball2.jpg using Guid(8f4fd663b134aaa488493efa3388e55d) Importer(815301076,1909f56bfc062723c751e8b465ee728b)  -> (artifact id: 'd3168434debcb1f78073f1418b96c8ea') in 0.014688 seconds 
  Import took 0.018121 seconds .

========================================================================
Received Import Request.
  Time since last request: 0.000239 seconds.
  path: Assets/assets/balls/Ball13.jpg
  artifactKey: Guid(b4dd2280a055c274f9a3f77688226d1c) Importer(815301076,1909f56bfc062723c751e8b465ee728b)
Start importing Assets/assets/balls/Ball13.jpg using Guid(b4dd2280a055c274f9a3f77688226d1c) Importer(815301076,1909f56bfc062723c751e8b465ee728b)  -> (artifact id: 'c37bbc81f903eefd21b135a8f7e0fe9e') in 0.016073 seconds 
  Import took 0.020140 seconds .

========================================================================
Received Import Request.
  Time since last request: 391.020677 seconds.
  path: Assets/deneme.cs
  artifactKey: Guid(50c41028c7c22944cadeee36739ddfae) Importer(815301076,1909f56bfc062723c751e8b465ee728b)
Start importing Assets/deneme.cs using Guid(50c41028c7c22944cadeee36739ddfae) Importer(815301076,1909f56bfc062723c751e8b465ee728b)  -> (artifact id: '85751b36496de9cedd4df54f338b29b8') in 0.003023 seconds 
  Import took 0.007394 seconds .

AssetImportWorkerClient::OnTransportError - code=2 error=End of file
